f:\microsoft visual studio\project13\release_version\splitto\splitto\release\splitto.pch
f:\microsoft visual studio\project13\release_version\splitto\splitto\release\vc120.pdb
f:\microsoft visual studio\project13\release_version\splitto\splitto\release\stdafx.obj
f:\microsoft visual studio\project13\release_version\splitto\splitto\release\opengldc.obj
f:\microsoft visual studio\project13\release_version\splitto\splitto\release\glview.obj
f:\microsoft visual studio\project13\release_version\splitto\splitto\release\camera.obj
f:\microsoft visual studio\project13\release_version\splitto\splitto\release\offset.obj
f:\microsoft visual studio\project13\release_version\splitto\splitto\release\myspliter.obj
f:\microsoft visual studio\project13\release_version\splitto\splitto\release\mainfrm.obj
f:\microsoft visual studio\project13\release_version\splitto\splitto\release\machinesetdlg.obj
f:\microsoft visual studio\project13\release_version\splitto\splitto\release\linestone.obj
f:\microsoft visual studio\project13\release_version\splitto\splitto\release\lineprocess.obj
f:\microsoft visual studio\project13\release_version\splitto\splitto\release\line.obj
f:\microsoft visual studio\project13\release_version\splitto\splitto\release\highresolutiontimer.obj
f:\microsoft visual studio\project13\release_version\splitto\splitto\release\graphic.obj
f:\microsoft visual studio\project13\release_version\splitto\splitto\release\gcodegeneration.obj
f:\microsoft visual studio\project13\release_version\splitto\splitto\release\finish.obj
f:\microsoft visual studio\project13\release_version\splitto\splitto\release\fileview.obj
f:\microsoft visual studio\project13\release_version\splitto\splitto\release\classview.obj
f:\microsoft visual studio\project13\release_version\splitto\splitto\release\circle.obj
f:\microsoft visual studio\project13\release_version\splitto\splitto\release\arcsurface.obj
f:\microsoft visual studio\project13\release_version\splitto\splitto\release\arc.obj
f:\microsoft visual studio\project13\release_version\splitto\splitto\release\algorithm.obj
f:\microsoft visual studio\project13\release_version\splitto\splitto\release\viewtree.obj
f:\microsoft visual studio\project13\release_version\splitto\splitto\release\utils.obj
f:\microsoft visual studio\project13\release_version\splitto\splitto\release\toolpath.obj
f:\microsoft visual studio\project13\release_version\splitto\splitto\release\tableboardprocess.obj
f:\microsoft visual studio\project13\release_version\splitto\splitto\release\tableboarddlg.obj
f:\microsoft visual studio\project13\release_version\splitto\splitto\release\splittoview.obj
f:\microsoft visual studio\project13\release_version\splitto\splitto\release\splittodoc.obj
f:\microsoft visual studio\project13\release_version\splitto\splitto\release\splitto.obj
f:\microsoft visual studio\project13\release_version\splitto\splitto\release\sidestone.obj
f:\microsoft visual studio\project13\release_version\splitto\splitto\release\sideprocess.obj
f:\microsoft visual studio\project13\release_version\splitto\splitto\release\sawsetdlg.obj
f:\microsoft visual studio\project13\release_version\splitto\splitto\release\rough.obj
f:\microsoft visual studio\project13\release_version\splitto\splitto\release\rotateprocess.obj
f:\microsoft visual studio\project13\release_version\splitto\splitto\release\propertieswnd.obj
f:\microsoft visual studio\project13\release_version\splitto\splitto\release\polygeon.obj
f:\microsoft visual studio\project13\release_version\splitto\splitto\release\outputwnd.obj
f:\microsoft visual studio\project13\release_version\splitto\splitto\release\orthogonal.obj
f:\microsoft visual studio\project13\release_version\splitto\splitto\release\orthgonal.obj
f:\microsoft visual studio\project13\release_version\splitto\release\splitto.exe
f:\microsoft visual studio\project13\release_version\splitto\release\splitto.pdb
f:\microsoft visual studio\project13\release_version\splitto\splitto\release\splitto.res
f:\microsoft visual studio\project13\release_version\splitto\splitto\release\splitto.tlog\cl.command.1.tlog
f:\microsoft visual studio\project13\release_version\splitto\splitto\release\splitto.tlog\cl.read.1.tlog
f:\microsoft visual studio\project13\release_version\splitto\splitto\release\splitto.tlog\cl.write.1.tlog
f:\microsoft visual studio\project13\release_version\splitto\splitto\release\splitto.tlog\link.command.1.tlog
f:\microsoft visual studio\project13\release_version\splitto\splitto\release\splitto.tlog\link.read.1.tlog
f:\microsoft visual studio\project13\release_version\splitto\splitto\release\splitto.tlog\link.write.1.tlog
f:\microsoft visual studio\project13\release_version\splitto\splitto\release\splitto.tlog\rc.command.1.tlog
f:\microsoft visual studio\project13\release_version\splitto\splitto\release\splitto.tlog\rc.read.1.tlog
f:\microsoft visual studio\project13\release_version\splitto\splitto\release\splitto.tlog\rc.write.1.tlog
