生成启动时间为 2016/8/3 16:51:30。
     1>项目“F:\Microsoft Visual Studio\project13\Release_Version\SplitTo\SplitTo\SplitTo.vcxproj”在节点 2 上(Build 个目标)。
     1>ClCompile:
         F:\Program Files (x86)\VS2013\VC\bin\x86_amd64\CL.exe /c /Zi /nologo /W3 /WX- /O2 /Oi /GL /D WIN32 /D _WINDOWS /D NDEBUG /D _UNICODE /D UNICODE /D _AFXDLL /Gm- /EHsc /MD /GS /Gy /fp:precise /Zc:wchar_t /Zc:forScope /Yu"stdafx.h" /Fp"x64\Release\SplitTo.pch" /Fo"x64\Release\\" /Fd"x64\Release\vc120.pdb" /Gd /TP /errorReport:prompt Algorithm.cpp Arc.cpp Graphic.cpp HighResolutionTimer.cpp Line.cpp MainFrm.cpp MySpliter.cpp SideProcess.cpp SplitToDoc.cpp SplitToView.cpp
         Algorithm.cpp
     1>f:\microsoft visual studio\project13\release_version\splitto\splitto\opengl\Camera.h(16): warning C4005: “ZOOM_IN”: 宏重定义
                 f:\program files (x86)\vs2013\vc\atlmfc\include\afxpriv.h(475) : 参见“ZOOM_IN”的前一个定义
     1>f:\microsoft visual studio\project13\release_version\splitto\splitto\opengl\Camera.h(17): warning C4005: “ZOOM_OUT”: 宏重定义
                 f:\program files (x86)\vs2013\vc\atlmfc\include\afxpriv.h(473) : 参见“ZOOM_OUT”的前一个定义
     1>f:\microsoft visual studio\project13\release_version\splitto\splitto\HighResolutionTimer.h(46): error C2664: “MMRESULT timeSetEvent(UINT,UINT,LPTIMECALLBACK,DWORD_PTR,UINT)”: 无法将参数 3 从“void (__cdecl *)(UINT,UINT,DWORD,DWORD,DWORD)”转换为“LPTIMECALLBACK”
                 在匹配目标类型的范围内没有具有该名称的函数
         Arc.cpp
     1>f:\microsoft visual studio\project13\release_version\splitto\splitto\opengl\Camera.h(16): warning C4005: “ZOOM_IN”: 宏重定义
                 f:\program files (x86)\vs2013\vc\atlmfc\include\afxpriv.h(475) : 参见“ZOOM_IN”的前一个定义
     1>f:\microsoft visual studio\project13\release_version\splitto\splitto\opengl\Camera.h(17): warning C4005: “ZOOM_OUT”: 宏重定义
                 f:\program files (x86)\vs2013\vc\atlmfc\include\afxpriv.h(473) : 参见“ZOOM_OUT”的前一个定义
     1>Arc.cpp(6): warning C4005: “PI”: 宏重定义
                 f:\microsoft visual studio\project13\release_version\splitto\splitto\OPENGL\CadBase.h(12) : 参见“PI”的前一个定义
     1>Arc.cpp(38): warning C4244: “初始化”: 从“double”转换到“float”，可能丢失数据
     1>Arc.cpp(39): warning C4244: “初始化”: 从“double”转换到“float”，可能丢失数据
     1>Arc.cpp(110): warning C4244: “初始化”: 从“double”转换到“float”，可能丢失数据
     1>Arc.cpp(119): warning C4244: “=”: 从“double”转换到“float”，可能丢失数据
     1>Arc.cpp(122): warning C4244: “初始化”: 从“double”转换到“float”，可能丢失数据
     1>Arc.cpp(384): warning C4244: “=”: 从“double”转换到“float”，可能丢失数据
     1>Arc.cpp(385): warning C4244: “=”: 从“double”转换到“float”，可能丢失数据
     1>Arc.cpp(391): warning C4244: “=”: 从“double”转换到“float”，可能丢失数据
     1>Arc.cpp(392): warning C4244: “=”: 从“double”转换到“float”，可能丢失数据
     1>Arc.cpp(396): warning C4244: “=”: 从“double”转换到“float”，可能丢失数据
     1>Arc.cpp(397): warning C4244: “=”: 从“double”转换到“float”，可能丢失数据
     1>Arc.cpp(401): warning C4244: “=”: 从“double”转换到“float”，可能丢失数据
     1>Arc.cpp(402): warning C4244: “=”: 从“double”转换到“float”，可能丢失数据
     1>Arc.cpp(406): warning C4244: “=”: 从“double”转换到“float”，可能丢失数据
     1>Arc.cpp(407): warning C4244: “=”: 从“double”转换到“float”，可能丢失数据
     1>Arc.cpp(414): warning C4244: “=”: 从“double”转换到“float”，可能丢失数据
     1>Arc.cpp(415): warning C4244: “=”: 从“double”转换到“float”，可能丢失数据
     1>Arc.cpp(419): warning C4244: “=”: 从“double”转换到“float”，可能丢失数据
     1>Arc.cpp(420): warning C4244: “=”: 从“double”转换到“float”，可能丢失数据
     1>Arc.cpp(424): warning C4244: “=”: 从“double”转换到“float”，可能丢失数据
     1>Arc.cpp(425): warning C4244: “=”: 从“double”转换到“float”，可能丢失数据
     1>Arc.cpp(429): warning C4244: “=”: 从“double”转换到“float”，可能丢失数据
     1>Arc.cpp(430): warning C4244: “=”: 从“double”转换到“float”，可能丢失数据
     1>Arc.cpp(437): warning C4244: “=”: 从“double”转换到“float”，可能丢失数据
     1>Arc.cpp(438): warning C4244: “=”: 从“double”转换到“float”，可能丢失数据
     1>Arc.cpp(442): warning C4244: “=”: 从“double”转换到“float”，可能丢失数据
     1>Arc.cpp(443): warning C4244: “=”: 从“double”转换到“float”，可能丢失数据
     1>Arc.cpp(447): warning C4244: “=”: 从“double”转换到“float”，可能丢失数据
     1>Arc.cpp(448): warning C4244: “=”: 从“double”转换到“float”，可能丢失数据
     1>Arc.cpp(452): warning C4244: “=”: 从“double”转换到“float”，可能丢失数据
     1>Arc.cpp(453): warning C4244: “=”: 从“double”转换到“float”，可能丢失数据
     1>Arc.cpp(460): warning C4244: “=”: 从“double”转换到“float”，可能丢失数据
     1>Arc.cpp(461): warning C4244: “=”: 从“double”转换到“float”，可能丢失数据
     1>Arc.cpp(465): warning C4244: “=”: 从“double”转换到“float”，可能丢失数据
     1>Arc.cpp(466): warning C4244: “=”: 从“double”转换到“float”，可能丢失数据
     1>Arc.cpp(470): warning C4244: “=”: 从“double”转换到“float”，可能丢失数据
     1>Arc.cpp(471): warning C4244: “=”: 从“double”转换到“float”，可能丢失数据
     1>Arc.cpp(475): warning C4244: “=”: 从“double”转换到“float”，可能丢失数据
     1>Arc.cpp(476): warning C4244: “=”: 从“double”转换到“float”，可能丢失数据
     1>Arc.cpp(488): warning C4244: “=”: 从“double”转换到“float”，可能丢失数据
     1>Arc.cpp(489): warning C4244: “=”: 从“double”转换到“float”，可能丢失数据
     1>Arc.cpp(494): warning C4244: “=”: 从“double”转换到“float”，可能丢失数据
     1>Arc.cpp(495): warning C4244: “=”: 从“double”转换到“float”，可能丢失数据
     1>Arc.cpp(501): warning C4244: “初始化”: 从“double”转换到“float”，可能丢失数据
     1>Arc.cpp(503): warning C4244: “=”: 从“double”转换到“float”，可能丢失数据
     1>Arc.cpp(504): warning C4244: “=”: 从“double”转换到“float”，可能丢失数据
     1>Arc.cpp(518): warning C4244: “=”: 从“double”转换到“float”，可能丢失数据
     1>Arc.cpp(519): warning C4244: “=”: 从“double”转换到“float”，可能丢失数据
     1>Arc.cpp(525): warning C4244: “=”: 从“double”转换到“float”，可能丢失数据
     1>Arc.cpp(527): warning C4244: “=”: 从“double”转换到“float”，可能丢失数据
     1>Arc.cpp(535): warning C4244: “=”: 从“double”转换到“float”，可能丢失数据
     1>Arc.cpp(537): warning C4244: “=”: 从“double”转换到“float”，可能丢失数据
     1>Arc.cpp(555): warning C4244: “=”: 从“double”转换到“float”，可能丢失数据
     1>Arc.cpp(556): warning C4244: “=”: 从“double”转换到“float”，可能丢失数据
     1>Arc.cpp(561): warning C4244: “=”: 从“double”转换到“float”，可能丢失数据
     1>Arc.cpp(562): warning C4244: “=”: 从“double”转换到“float”，可能丢失数据
     1>Arc.cpp(563): warning C4244: “参数”: 从“double”转换到“GLfloat”，可能丢失数据
     1>Arc.cpp(568): warning C4244: “初始化”: 从“double”转换到“float”，可能丢失数据
     1>Arc.cpp(570): warning C4244: “=”: 从“double”转换到“float”，可能丢失数据
     1>Arc.cpp(571): warning C4244: “=”: 从“double”转换到“float”，可能丢失数据
     1>Arc.cpp(572): warning C4244: “参数”: 从“double”转换到“GLfloat”，可能丢失数据
     1>Arc.cpp(582): warning C4244: “=”: 从“double”转换到“float”，可能丢失数据
     1>Arc.cpp(583): warning C4244: “=”: 从“double”转换到“float”，可能丢失数据
     1>Arc.cpp(588): warning C4244: “=”: 从“double”转换到“float”，可能丢失数据
     1>Arc.cpp(590): warning C4244: “=”: 从“double”转换到“float”，可能丢失数据
     1>Arc.cpp(591): warning C4244: “参数”: 从“double”转换到“GLfloat”，可能丢失数据
     1>Arc.cpp(598): warning C4244: “=”: 从“double”转换到“float”，可能丢失数据
     1>Arc.cpp(600): warning C4244: “=”: 从“double”转换到“float”，可能丢失数据
     1>Arc.cpp(601): warning C4244: “参数”: 从“double”转换到“GLfloat”，可能丢失数据
     1>Arc.cpp(613): warning C4244: “初始化”: 从“double”转换到“float”，可能丢失数据
     1>Arc.cpp(614): warning C4244: “初始化”: 从“double”转换到“float”，可能丢失数据
     1>Arc.cpp(678): warning C4244: “=”: 从“double”转换到“float”，可能丢失数据
     1>Arc.cpp(679): warning C4244: “=”: 从“double”转换到“float”，可能丢失数据
     1>Arc.cpp(684): warning C4244: “=”: 从“double”转换到“float”，可能丢失数据
     1>Arc.cpp(685): warning C4244: “=”: 从“double”转换到“float”，可能丢失数据
     1>Arc.cpp(686): warning C4244: “参数”: 从“double”转换到“GLfloat”，可能丢失数据
     1>Arc.cpp(691): warning C4244: “初始化”: 从“double”转换到“float”，可能丢失数据
     1>Arc.cpp(693): warning C4244: “=”: 从“double”转换到“float”，可能丢失数据
     1>Arc.cpp(694): warning C4244: “=”: 从“double”转换到“float”，可能丢失数据
     1>Arc.cpp(695): warning C4244: “参数”: 从“double”转换到“GLfloat”，可能丢失数据
     1>Arc.cpp(705): warning C4244: “=”: 从“double”转换到“float”，可能丢失数据
     1>Arc.cpp(706): warning C4244: “=”: 从“double”转换到“float”，可能丢失数据
     1>Arc.cpp(711): warning C4244: “=”: 从“double”转换到“float”，可能丢失数据
     1>Arc.cpp(713): warning C4244: “=”: 从“double”转换到“float”，可能丢失数据
     1>Arc.cpp(714): warning C4244: “参数”: 从“double”转换到“GLfloat”，可能丢失数据
     1>Arc.cpp(721): warning C4244: “=”: 从“double”转换到“float”，可能丢失数据
     1>Arc.cpp(723): warning C4244: “=”: 从“double”转换到“float”，可能丢失数据
     1>Arc.cpp(724): warning C4244: “参数”: 从“double”转换到“GLfloat”，可能丢失数据
     1>Arc.cpp(737): warning C4244: “初始化”: 从“double”转换到“float”，可能丢失数据
     1>Arc.cpp(746): warning C4244: “=”: 从“double”转换到“float”，可能丢失数据
     1>Arc.cpp(749): warning C4244: “初始化”: 从“double”转换到“float”，可能丢失数据
     1>Arc.cpp(1014): warning C4244: “=”: 从“double”转换到“float”，可能丢失数据
     1>Arc.cpp(1015): warning C4244: “=”: 从“double”转换到“float”，可能丢失数据
     1>Arc.cpp(1021): warning C4244: “=”: 从“double”转换到“float”，可能丢失数据
     1>Arc.cpp(1022): warning C4244: “=”: 从“double”转换到“float”，可能丢失数据
     1>Arc.cpp(1026): warning C4244: “=”: 从“double”转换到“float”，可能丢失数据
     1>Arc.cpp(1027): warning C4244: “=”: 从“double”转换到“float”，可能丢失数据
     1>Arc.cpp(1031): warning C4244: “=”: 从“double”转换到“float”，可能丢失数据
     1>Arc.cpp(1032): warning C4244: “=”: 从“double”转换到“float”，可能丢失数据
     1>Arc.cpp(1036): warning C4244: “=”: 从“double”转换到“float”，可能丢失数据
     1>Arc.cpp(1037): warning C4244: “=”: 从“double”转换到“float”，可能丢失数据
     1>Arc.cpp(1044): warning C4244: “=”: 从“double”转换到“float”，可能丢失数据
     1>Arc.cpp(1045): warning C4244: “=”: 从“double”转换到“float”，可能丢失数据
     1>Arc.cpp(1049): warning C4244: “=”: 从“double”转换到“float”，可能丢失数据
     1>Arc.cpp(1050): warning C4244: “=”: 从“double”转换到“float”，可能丢失数据
     1>Arc.cpp(1054): warning C4244: “=”: 从“double”转换到“float”，可能丢失数据
     1>Arc.cpp(1055): warning C4244: “=”: 从“double”转换到“float”，可能丢失数据
     1>Arc.cpp(1059): warning C4244: “=”: 从“double”转换到“float”，可能丢失数据
     1>Arc.cpp(1060): warning C4244: “=”: 从“double”转换到“float”，可能丢失数据
     1>Arc.cpp(1067): warning C4244: “=”: 从“double”转换到“float”，可能丢失数据
     1>Arc.cpp(1068): warning C4244: “=”: 从“double”转换到“float”，可能丢失数据
     1>Arc.cpp(1072): warning C4244: “=”: 从“double”转换到“float”，可能丢失数据
     1>Arc.cpp(1073): warning C4244: “=”: 从“double”转换到“float”，可能丢失数据
     1>Arc.cpp(1077): warning C4244: “=”: 从“double”转换到“float”，可能丢失数据
     1>Arc.cpp(1078): warning C4244: “=”: 从“double”转换到“float”，可能丢失数据
     1>Arc.cpp(1082): warning C4244: “=”: 从“double”转换到“float”，可能丢失数据
     1>Arc.cpp(1083): warning C4244: “=”: 从“double”转换到“float”，可能丢失数据
     1>Arc.cpp(1090): warning C4244: “=”: 从“double”转换到“float”，可能丢失数据
     1>Arc.cpp(1091): warning C4244: “=”: 从“double”转换到“float”，可能丢失数据
     1>Arc.cpp(1095): warning C4244: “=”: 从“double”转换到“float”，可能丢失数据
     1>Arc.cpp(1096): warning C4244: “=”: 从“double”转换到“float”，可能丢失数据
     1>Arc.cpp(1100): warning C4244: “=”: 从“double”转换到“float”，可能丢失数据
     1>Arc.cpp(1101): warning C4244: “=”: 从“double”转换到“float”，可能丢失数据
     1>Arc.cpp(1105): warning C4244: “=”: 从“double”转换到“float”，可能丢失数据
     1>Arc.cpp(1106): warning C4244: “=”: 从“double”转换到“float”，可能丢失数据
     1>Arc.cpp(1122): warning C4244: “=”: 从“double”转换到“float”，可能丢失数据
     1>Arc.cpp(1123): warning C4244: “=”: 从“double”转换到“float”，可能丢失数据
     1>Arc.cpp(1128): warning C4244: “=”: 从“double”转换到“float”，可能丢失数据
     1>Arc.cpp(1129): warning C4244: “=”: 从“double”转换到“float”，可能丢失数据
     1>Arc.cpp(1130): warning C4244: “参数”: 从“double”转换到“GLfloat”，可能丢失数据
     1>Arc.cpp(1135): warning C4244: “初始化”: 从“double”转换到“float”，可能丢失数据
     1>Arc.cpp(1137): warning C4244: “=”: 从“double”转换到“float”，可能丢失数据
     1>Arc.cpp(1138): warning C4244: “=”: 从“double”转换到“float”，可能丢失数据
     1>Arc.cpp(1139): warning C4244: “参数”: 从“double”转换到“GLfloat”，可能丢失数据
     1>Arc.cpp(1152): warning C4244: “=”: 从“double”转换到“float”，可能丢失数据
     1>Arc.cpp(1153): warning C4244: “=”: 从“double”转换到“float”，可能丢失数据
     1>Arc.cpp(1159): warning C4244: “=”: 从“double”转换到“float”，可能丢失数据
     1>Arc.cpp(1161): warning C4244: “=”: 从“double”转换到“float”，可能丢失数据
     1>Arc.cpp(1162): warning C4244: “参数”: 从“double”转换到“GLfloat”，可能丢失数据
     1>Arc.cpp(1169): warning C4244: “=”: 从“double”转换到“float”，可能丢失数据
     1>Arc.cpp(1171): warning C4244: “=”: 从“double”转换到“float”，可能丢失数据
     1>Arc.cpp(1172): warning C4244: “参数”: 从“double”转换到“GLfloat”，可能丢失数据
     1>Arc.cpp(1182): warning C4244: “初始化”: 从“double”转换到“float”，可能丢失数据
     1>Arc.cpp(1183): warning C4244: “初始化”: 从“double”转换到“float”，可能丢失数据
     1>Arc.cpp(1256): warning C4244: “=”: 从“double”转换到“float”，可能丢失数据
     1>Arc.cpp(1257): warning C4244: “=”: 从“double”转换到“float”，可能丢失数据
     1>Arc.cpp(1262): warning C4244: “=”: 从“double”转换到“float”，可能丢失数据
     1>Arc.cpp(1263): warning C4244: “=”: 从“double”转换到“float”，可能丢失数据
     1>Arc.cpp(1264): warning C4244: “参数”: 从“double”转换到“GLfloat”，可能丢失数据
     1>Arc.cpp(1269): warning C4244: “初始化”: 从“double”转换到“float”，可能丢失数据
     1>Arc.cpp(1271): warning C4244: “=”: 从“double”转换到“float”，可能丢失数据
     1>Arc.cpp(1272): warning C4244: “=”: 从“double”转换到“float”，可能丢失数据
     1>Arc.cpp(1273): warning C4244: “参数”: 从“double”转换到“GLfloat”，可能丢失数据
     1>Arc.cpp(1283): warning C4244: “=”: 从“double”转换到“float”，可能丢失数据
     1>Arc.cpp(1284): warning C4244: “=”: 从“double”转换到“float”，可能丢失数据
     1>Arc.cpp(1289): warning C4244: “=”: 从“double”转换到“float”，可能丢失数据
     1>Arc.cpp(1291): warning C4244: “=”: 从“double”转换到“float”，可能丢失数据
     1>Arc.cpp(1292): warning C4244: “参数”: 从“double”转换到“GLfloat”，可能丢失数据
     1>Arc.cpp(1299): warning C4244: “=”: 从“double”转换到“float”，可能丢失数据
     1>Arc.cpp(1301): warning C4244: “=”: 从“double”转换到“float”，可能丢失数据
     1>Arc.cpp(1302): warning C4244: “参数”: 从“double”转换到“GLfloat”，可能丢失数据
     1>Arc.cpp(1315): warning C4244: “初始化”: 从“double”转换到“float”，可能丢失数据
     1>Arc.cpp(1324): warning C4244: “=”: 从“double”转换到“float”，可能丢失数据
     1>Arc.cpp(1327): warning C4244: “初始化”: 从“double”转换到“float”，可能丢失数据
     1>Arc.cpp(1590): warning C4244: “=”: 从“double”转换到“float”，可能丢失数据
     1>Arc.cpp(1591): warning C4244: “=”: 从“double”转换到“float”，可能丢失数据
     1>Arc.cpp(1597): warning C4244: “=”: 从“double”转换到“float”，可能丢失数据
     1>Arc.cpp(1598): warning C4244: “=”: 从“double”转换到“float”，可能丢失数据
     1>Arc.cpp(1602): warning C4244: “=”: 从“double”转换到“float”，可能丢失数据
     1>Arc.cpp(1603): warning C4244: “=”: 从“double”转换到“float”，可能丢失数据
     1>Arc.cpp(1607): warning C4244: “=”: 从“double”转换到“float”，可能丢失数据
     1>Arc.cpp(1608): warning C4244: “=”: 从“double”转换到“float”，可能丢失数据
     1>Arc.cpp(1612): warning C4244: “=”: 从“double”转换到“float”，可能丢失数据
     1>Arc.cpp(1613): warning C4244: “=”: 从“double”转换到“float”，可能丢失数据
     1>Arc.cpp(1620): warning C4244: “=”: 从“double”转换到“float”，可能丢失数据
     1>Arc.cpp(1621): warning C4244: “=”: 从“double”转换到“float”，可能丢失数据
     1>Arc.cpp(1625): warning C4244: “=”: 从“double”转换到“float”，可能丢失数据
     1>Arc.cpp(1626): warning C4244: “=”: 从“double”转换到“float”，可能丢失数据
     1>Arc.cpp(1630): warning C4244: “=”: 从“double”转换到“float”，可能丢失数据
     1>Arc.cpp(1631): warning C4244: “=”: 从“double”转换到“float”，可能丢失数据
     1>Arc.cpp(1635): warning C4244: “=”: 从“double”转换到“float”，可能丢失数据
     1>Arc.cpp(1636): warning C4244: “=”: 从“double”转换到“float”，可能丢失数据
     1>Arc.cpp(1643): warning C4244: “=”: 从“double”转换到“float”，可能丢失数据
     1>Arc.cpp(1644): warning C4244: “=”: 从“double”转换到“float”，可能丢失数据
     1>Arc.cpp(1648): warning C4244: “=”: 从“double”转换到“float”，可能丢失数据
     1>Arc.cpp(1649): warning C4244: “=”: 从“double”转换到“float”，可能丢失数据
     1>Arc.cpp(1653): warning C4244: “=”: 从“double”转换到“float”，可能丢失数据
     1>Arc.cpp(1654): warning C4244: “=”: 从“double”转换到“float”，可能丢失数据
     1>Arc.cpp(1658): warning C4244: “=”: 从“double”转换到“float”，可能丢失数据
     1>Arc.cpp(1659): warning C4244: “=”: 从“double”转换到“float”，可能丢失数据
     1>Arc.cpp(1666): warning C4244: “=”: 从“double”转换到“float”，可能丢失数据
     1>Arc.cpp(1667): warning C4244: “=”: 从“double”转换到“float”，可能丢失数据
     1>Arc.cpp(1671): warning C4244: “=”: 从“double”转换到“float”，可能丢失数据
     1>Arc.cpp(1672): warning C4244: “=”: 从“double”转换到“float”，可能丢失数据
     1>Arc.cpp(1676): warning C4244: “=”: 从“double”转换到“float”，可能丢失数据
     1>Arc.cpp(1677): warning C4244: “=”: 从“double”转换到“float”，可能丢失数据
     1>Arc.cpp(1681): warning C4244: “=”: 从“double”转换到“float”，可能丢失数据
     1>Arc.cpp(1682): warning C4244: “=”: 从“double”转换到“float”，可能丢失数据
     1>Arc.cpp(1696): warning C4244: “=”: 从“double”转换到“float”，可能丢失数据
     1>Arc.cpp(1697): warning C4244: “=”: 从“double”转换到“float”，可能丢失数据
     1>Arc.cpp(1702): warning C4244: “=”: 从“double”转换到“float”，可能丢失数据
     1>Arc.cpp(1703): warning C4244: “=”: 从“double”转换到“float”，可能丢失数据
     1>Arc.cpp(1704): warning C4244: “参数”: 从“double”转换到“GLfloat”，可能丢失数据
     1>Arc.cpp(1709): warning C4244: “初始化”: 从“double”转换到“float”，可能丢失数据
     1>Arc.cpp(1711): warning C4244: “=”: 从“double”转换到“float”，可能丢失数据
     1>Arc.cpp(1712): warning C4244: “=”: 从“double”转换到“float”，可能丢失数据
     1>Arc.cpp(1713): warning C4244: “参数”: 从“double”转换到“GLfloat”，可能丢失数据
     1>Arc.cpp(1726): warning C4244: “=”: 从“double”转换到“float”，可能丢失数据
     1>Arc.cpp(1727): warning C4244: “=”: 从“double”转换到“float”，可能丢失数据
     1>Arc.cpp(1733): warning C4244: “=”: 从“double”转换到“float”，可能丢失数据
     1>Arc.cpp(1735): warning C4244: “=”: 从“double”转换到“float”，可能丢失数据
     1>Arc.cpp(1736): warning C4244: “参数”: 从“double”转换到“GLfloat”，可能丢失数据
     1>Arc.cpp(1743): warning C4244: “=”: 从“double”转换到“float”，可能丢失数据
     1>Arc.cpp(1745): warning C4244: “=”: 从“double”转换到“float”，可能丢失数据
     1>Arc.cpp(1746): warning C4244: “参数”: 从“double”转换到“GLfloat”，可能丢失数据
     1>Arc.cpp(1769): warning C4244: “初始化”: 从“double”转换到“float”，可能丢失数据
     1>Arc.cpp(1782): warning C4244: “=”: 从“double”转换到“float”，可能丢失数据
     1>Arc.cpp(1783): warning C4244: “=”: 从“double”转换到“float”，可能丢失数据
     1>Arc.cpp(1795): warning C4244: “=”: 从“double”转换到“float”，可能丢失数据
     1>Arc.cpp(1796): warning C4244: “=”: 从“double”转换到“float”，可能丢失数据
     1>Arc.cpp(1828): warning C4244: “=”: 从“double”转换到“float”，可能丢失数据
     1>Arc.cpp(1859): warning C4244: “=”: 从“double”转换到“float”，可能丢失数据
     1>Arc.cpp(1893): warning C4244: “=”: 从“double”转换到“float”，可能丢失数据
     1>Arc.cpp(1918): warning C4244: “=”: 从“double”转换到“float”，可能丢失数据
     1>Arc.cpp(1945): warning C4244: “=”: 从“double”转换到“float”，可能丢失数据
     1>Arc.cpp(1968): warning C4244: “=”: 从“double”转换到“float”，可能丢失数据
     1>Arc.cpp(1995): warning C4244: “=”: 从“double”转换到“float”，可能丢失数据
     1>Arc.cpp(2022): warning C4244: “=”: 从“double”转换到“float”，可能丢失数据
     1>Arc.cpp(2072): warning C4244: “=”: 从“double”转换到“float”，可能丢失数据
     1>Arc.cpp(2106): warning C4244: “=”: 从“double”转换到“float”，可能丢失数据
     1>Arc.cpp(2139): warning C4244: “=”: 从“double”转换到“float”，可能丢失数据
     1>Arc.cpp(2161): warning C4244: “=”: 从“double”转换到“float”，可能丢失数据
     1>Arc.cpp(2187): warning C4244: “=”: 从“double”转换到“float”，可能丢失数据
     1>Arc.cpp(2213): warning C4244: “=”: 从“double”转换到“float”，可能丢失数据
     1>Arc.cpp(2239): warning C4244: “=”: 从“double”转换到“float”，可能丢失数据
     1>Arc.cpp(2262): warning C4244: “=”: 从“double”转换到“float”，可能丢失数据
     1>Arc.cpp(2310): warning C4244: “初始化”: 从“double”转换到“float”，可能丢失数据
     1>Arc.cpp(2315): warning C4244: “=”: 从“double”转换到“float”，可能丢失数据
     1>Arc.cpp(2316): warning C4244: “=”: 从“double”转换到“float”，可能丢失数据
     1>Arc.cpp(2346): warning C4244: “=”: 从“double”转换到“float”，可能丢失数据
     1>Arc.cpp(2373): warning C4244: “=”: 从“double”转换到“float”，可能丢失数据
     1>Arc.cpp(2402): warning C4244: “=”: 从“double”转换到“float”，可能丢失数据
     1>Arc.cpp(2427): warning C4244: “=”: 从“double”转换到“float”，可能丢失数据
     1>Arc.cpp(2454): warning C4244: “=”: 从“double”转换到“float”，可能丢失数据
     1>Arc.cpp(2477): warning C4244: “=”: 从“double”转换到“float”，可能丢失数据
     1>Arc.cpp(2504): warning C4244: “=”: 从“double”转换到“float”，可能丢失数据
     1>Arc.cpp(2531): warning C4244: “=”: 从“double”转换到“float”，可能丢失数据
     1>Arc.cpp(2581): warning C4244: “=”: 从“double”转换到“float”，可能丢失数据
     1>Arc.cpp(2611): warning C4244: “=”: 从“double”转换到“float”，可能丢失数据
     1>Arc.cpp(2639): warning C4244: “=”: 从“double”转换到“float”，可能丢失数据
     1>Arc.cpp(2661): warning C4244: “=”: 从“double”转换到“float”，可能丢失数据
     1>Arc.cpp(2687): warning C4244: “=”: 从“double”转换到“float”，可能丢失数据
     1>Arc.cpp(2713): warning C4244: “=”: 从“double”转换到“float”，可能丢失数据
     1>Arc.cpp(2739): warning C4244: “=”: 从“double”转换到“float”，可能丢失数据
     1>Arc.cpp(2762): warning C4244: “=”: 从“double”转换到“float”，可能丢失数据
     1>Arc.cpp(2811): warning C4244: “初始化”: 从“double”转换到“float”，可能丢失数据
     1>Arc.cpp(2825): warning C4244: “=”: 从“double”转换到“float”，可能丢失数据
     1>Arc.cpp(2826): warning C4244: “=”: 从“double”转换到“float”，可能丢失数据
     1>Arc.cpp(2838): warning C4244: “=”: 从“double”转换到“float”，可能丢失数据
     1>Arc.cpp(2839): warning C4244: “=”: 从“double”转换到“float”，可能丢失数据
     1>Arc.cpp(2871): warning C4244: “=”: 从“double”转换到“float”，可能丢失数据
     1>Arc.cpp(2895): warning C4244: “=”: 从“double”转换到“float”，可能丢失数据
     1>Arc.cpp(2920): warning C4244: “=”: 从“double”转换到“float”，可能丢失数据
     1>Arc.cpp(2945): warning C4244: “=”: 从“double”转换到“float”，可能丢失数据
     1>Arc.cpp(2972): warning C4244: “=”: 从“double”转换到“float”，可能丢失数据
     1>Arc.cpp(2995): warning C4244: “=”: 从“double”转换到“float”，可能丢失数据
     1>Arc.cpp(3022): warning C4244: “=”: 从“double”转换到“float”，可能丢失数据
     1>Arc.cpp(3049): warning C4244: “=”: 从“double”转换到“float”，可能丢失数据
     1>Arc.cpp(3099): warning C4244: “=”: 从“double”转换到“float”，可能丢失数据
     1>Arc.cpp(3130): warning C4244: “=”: 从“double”转换到“float”，可能丢失数据
     1>Arc.cpp(3160): warning C4244: “=”: 从“double”转换到“float”，可能丢失数据
     1>Arc.cpp(3182): warning C4244: “=”: 从“double”转换到“float”，可能丢失数据
     1>Arc.cpp(3208): warning C4244: “=”: 从“double”转换到“float”，可能丢失数据
     1>Arc.cpp(3234): warning C4244: “=”: 从“double”转换到“float”，可能丢失数据
     1>Arc.cpp(3260): warning C4244: “=”: 从“double”转换到“float”，可能丢失数据
     1>Arc.cpp(3283): warning C4244: “=”: 从“double”转换到“float”，可能丢失数据
     1>Arc.cpp(3337): warning C4244: “初始化”: 从“double”转换到“float”，可能丢失数据
     1>Arc.cpp(3351): warning C4244: “=”: 从“double”转换到“float”，可能丢失数据
     1>Arc.cpp(3352): warning C4244: “=”: 从“double”转换到“float”，可能丢失数据
     1>Arc.cpp(3364): warning C4244: “=”: 从“double”转换到“float”，可能丢失数据
     1>Arc.cpp(3365): warning C4244: “=”: 从“double”转换到“float”，可能丢失数据
     1>Arc.cpp(3397): warning C4244: “=”: 从“double”转换到“float”，可能丢失数据
     1>Arc.cpp(3421): warning C4244: “=”: 从“double”转换到“float”，可能丢失数据
     1>Arc.cpp(3446): warning C4244: “=”: 从“double”转换到“float”，可能丢失数据
     1>Arc.cpp(3471): warning C4244: “=”: 从“double”转换到“float”，可能丢失数据
     1>Arc.cpp(3498): warning C4244: “=”: 从“double”转换到“float”，可能丢失数据
     1>Arc.cpp(3521): warning C4244: “=”: 从“double”转换到“float”，可能丢失数据
     1>Arc.cpp(3548): warning C4244: “=”: 从“double”转换到“float”，可能丢失数据
     1>Arc.cpp(3575): warning C4244: “=”: 从“double”转换到“float”，可能丢失数据
     1>Arc.cpp(3625): warning C4244: “=”: 从“double”转换到“float”，可能丢失数据
     1>Arc.cpp(3656): warning C4244: “=”: 从“double”转换到“float”，可能丢失数据
     1>Arc.cpp(3686): warning C4244: “=”: 从“double”转换到“float”，可能丢失数据
     1>Arc.cpp(3708): warning C4244: “=”: 从“double”转换到“float”，可能丢失数据
     1>Arc.cpp(3734): warning C4244: “=”: 从“double”转换到“float”，可能丢失数据
     1>Arc.cpp(3760): warning C4244: “=”: 从“double”转换到“float”，可能丢失数据
     1>Arc.cpp(3786): warning C4244: “=”: 从“double”转换到“float”，可能丢失数据
     1>Arc.cpp(3809): warning C4244: “=”: 从“double”转换到“float”，可能丢失数据
         Graphic.cpp
     1>f:\microsoft visual studio\project13\release_version\splitto\splitto\opengl\Camera.h(16): warning C4005: “ZOOM_IN”: 宏重定义
                 f:\program files (x86)\vs2013\vc\atlmfc\include\afxpriv.h(475) : 参见“ZOOM_IN”的前一个定义
     1>f:\microsoft visual studio\project13\release_version\splitto\splitto\opengl\Camera.h(17): warning C4005: “ZOOM_OUT”: 宏重定义
                 f:\program files (x86)\vs2013\vc\atlmfc\include\afxpriv.h(473) : 参见“ZOOM_OUT”的前一个定义
     1>f:\microsoft visual studio\project13\release_version\splitto\splitto\HighResolutionTimer.h(46): error C2664: “MMRESULT timeSetEvent(UINT,UINT,LPTIMECALLBACK,DWORD_PTR,UINT)”: 无法将参数 3 从“void (__cdecl *)(UINT,UINT,DWORD,DWORD,DWORD)”转换为“LPTIMECALLBACK”
                 在匹配目标类型的范围内没有具有该名称的函数
         HighResolutionTimer.cpp
     1>f:\microsoft visual studio\project13\release_version\splitto\splitto\HighResolutionTimer.h(46): error C2664: “MMRESULT timeSetEvent(UINT,UINT,LPTIMECALLBACK,DWORD_PTR,UINT)”: 无法将参数 3 从“void (__cdecl *)(UINT,UINT,DWORD,DWORD,DWORD)”转换为“LPTIMECALLBACK”
                 在匹配目标类型的范围内没有具有该名称的函数
         Line.cpp
     1>f:\microsoft visual studio\project13\release_version\splitto\splitto\opengl\Camera.h(16): warning C4005: “ZOOM_IN”: 宏重定义
                 f:\program files (x86)\vs2013\vc\atlmfc\include\afxpriv.h(475) : 参见“ZOOM_IN”的前一个定义
     1>f:\microsoft visual studio\project13\release_version\splitto\splitto\opengl\Camera.h(17): warning C4005: “ZOOM_OUT”: 宏重定义
                 f:\program files (x86)\vs2013\vc\atlmfc\include\afxpriv.h(473) : 参见“ZOOM_OUT”的前一个定义
     1>Line.cpp(228): warning C4244: “初始化”: 从“double”转换到“float”，可能丢失数据
     1>Line.cpp(266): warning C4244: “初始化”: 从“double”转换到“float”，可能丢失数据
     1>Line.cpp(274): warning C4244: “=”: 从“double”转换到“float”，可能丢失数据
     1>Line.cpp(290): warning C4244: “初始化”: 从“double”转换到“float”，可能丢失数据
     1>Line.cpp(298): warning C4244: “=”: 从“double”转换到“float”，可能丢失数据
     1>Line.cpp(316): warning C4244: “初始化”: 从“double”转换到“float”，可能丢失数据
     1>Line.cpp(324): warning C4244: “=”: 从“double”转换到“float”，可能丢失数据
     1>Line.cpp(339): warning C4244: “初始化”: 从“double”转换到“float”，可能丢失数据
     1>Line.cpp(347): warning C4244: “=”: 从“double”转换到“float”，可能丢失数据
     1>Line.cpp(365): warning C4244: “初始化”: 从“double”转换到“float”，可能丢失数据
     1>Line.cpp(373): warning C4244: “=”: 从“double”转换到“float”，可能丢失数据
     1>Line.cpp(388): warning C4244: “初始化”: 从“double”转换到“float”，可能丢失数据
     1>Line.cpp(396): warning C4244: “=”: 从“double”转换到“float”，可能丢失数据
     1>Line.cpp(414): warning C4244: “初始化”: 从“double”转换到“float”，可能丢失数据
     1>Line.cpp(422): warning C4244: “=”: 从“double”转换到“float”，可能丢失数据
     1>Line.cpp(437): warning C4244: “初始化”: 从“double”转换到“float”，可能丢失数据
     1>Line.cpp(445): warning C4244: “=”: 从“double”转换到“float”，可能丢失数据
     1>Line.cpp(474): warning C4244: “初始化”: 从“double”转换到“float”，可能丢失数据
     1>Line.cpp(512): warning C4244: “初始化”: 从“double”转换到“float”，可能丢失数据
     1>Line.cpp(520): warning C4244: “=”: 从“double”转换到“float”，可能丢失数据
     1>Line.cpp(536): warning C4244: “初始化”: 从“double”转换到“float”，可能丢失数据
     1>Line.cpp(544): warning C4244: “=”: 从“double”转换到“float”，可能丢失数据
     1>Line.cpp(562): warning C4244: “初始化”: 从“double”转换到“float”，可能丢失数据
     1>Line.cpp(570): warning C4244: “=”: 从“double”转换到“float”，可能丢失数据
     1>Line.cpp(585): warning C4244: “初始化”: 从“double”转换到“float”，可能丢失数据
     1>Line.cpp(593): warning C4244: “=”: 从“double”转换到“float”，可能丢失数据
     1>Line.cpp(611): warning C4244: “初始化”: 从“double”转换到“float”，可能丢失数据
     1>Line.cpp(619): warning C4244: “=”: 从“double”转换到“float”，可能丢失数据
     1>Line.cpp(634): warning C4244: “初始化”: 从“double”转换到“float”，可能丢失数据
     1>Line.cpp(642): warning C4244: “=”: 从“double”转换到“float”，可能丢失数据
     1>Line.cpp(660): warning C4244: “初始化”: 从“double”转换到“float”，可能丢失数据
     1>Line.cpp(668): warning C4244: “=”: 从“double”转换到“float”，可能丢失数据
     1>Line.cpp(683): warning C4244: “初始化”: 从“double”转换到“float”，可能丢失数据
     1>Line.cpp(691): warning C4244: “=”: 从“double”转换到“float”，可能丢失数据
     1>Line.cpp(720): warning C4244: “初始化”: 从“double”转换到“float”，可能丢失数据
     1>Line.cpp(758): warning C4244: “初始化”: 从“double”转换到“float”，可能丢失数据
     1>Line.cpp(766): warning C4244: “=”: 从“double”转换到“float”，可能丢失数据
     1>Line.cpp(782): warning C4244: “初始化”: 从“double”转换到“float”，可能丢失数据
     1>Line.cpp(790): warning C4244: “=”: 从“double”转换到“float”，可能丢失数据
     1>Line.cpp(808): warning C4244: “初始化”: 从“double”转换到“float”，可能丢失数据
     1>Line.cpp(816): warning C4244: “=”: 从“double”转换到“float”，可能丢失数据
     1>Line.cpp(831): warning C4244: “初始化”: 从“double”转换到“float”，可能丢失数据
     1>Line.cpp(839): warning C4244: “=”: 从“double”转换到“float”，可能丢失数据
     1>Line.cpp(857): warning C4244: “初始化”: 从“double”转换到“float”，可能丢失数据
     1>Line.cpp(865): warning C4244: “=”: 从“double”转换到“float”，可能丢失数据
     1>Line.cpp(880): warning C4244: “初始化”: 从“double”转换到“float”，可能丢失数据
     1>Line.cpp(888): warning C4244: “=”: 从“double”转换到“float”，可能丢失数据
     1>Line.cpp(906): warning C4244: “初始化”: 从“double”转换到“float”，可能丢失数据
     1>Line.cpp(914): warning C4244: “=”: 从“double”转换到“float”，可能丢失数据
     1>Line.cpp(929): warning C4244: “初始化”: 从“double”转换到“float”，可能丢失数据
     1>Line.cpp(937): warning C4244: “=”: 从“double”转换到“float”，可能丢失数据
         MainFrm.cpp
     1>f:\microsoft visual studio\project13\release_version\splitto\splitto\opengl\Camera.h(16): warning C4005: “ZOOM_IN”: 宏重定义
                 f:\program files (x86)\vs2013\vc\atlmfc\include\afxpriv.h(475) : 参见“ZOOM_IN”的前一个定义
     1>f:\microsoft visual studio\project13\release_version\splitto\splitto\opengl\Camera.h(17): warning C4005: “ZOOM_OUT”: 宏重定义
                 f:\program files (x86)\vs2013\vc\atlmfc\include\afxpriv.h(473) : 参见“ZOOM_OUT”的前一个定义
     1>f:\microsoft visual studio\project13\release_version\splitto\splitto\HighResolutionTimer.h(46): error C2664: “MMRESULT timeSetEvent(UINT,UINT,LPTIMECALLBACK,DWORD_PTR,UINT)”: 无法将参数 3 从“void (__cdecl *)(UINT,UINT,DWORD,DWORD,DWORD)”转换为“LPTIMECALLBACK”
                 在匹配目标类型的范围内没有具有该名称的函数
         MySpliter.cpp
         SideProcess.cpp
     1>f:\microsoft visual studio\project13\release_version\splitto\splitto\opengl\Camera.h(16): warning C4005: “ZOOM_IN”: 宏重定义
                 f:\program files (x86)\vs2013\vc\atlmfc\include\afxpriv.h(475) : 参见“ZOOM_IN”的前一个定义
     1>f:\microsoft visual studio\project13\release_version\splitto\splitto\opengl\Camera.h(17): warning C4005: “ZOOM_OUT”: 宏重定义
                 f:\program files (x86)\vs2013\vc\atlmfc\include\afxpriv.h(473) : 参见“ZOOM_OUT”的前一个定义
     1>f:\microsoft visual studio\project13\release_version\splitto\splitto\HighResolutionTimer.h(46): error C2664: “MMRESULT timeSetEvent(UINT,UINT,LPTIMECALLBACK,DWORD_PTR,UINT)”: 无法将参数 3 从“void (__cdecl *)(UINT,UINT,DWORD,DWORD,DWORD)”转换为“LPTIMECALLBACK”
                 在匹配目标类型的范围内没有具有该名称的函数
         SplitToDoc.cpp
     1>f:\microsoft visual studio\project13\release_version\splitto\splitto\opengl\Camera.h(16): warning C4005: “ZOOM_IN”: 宏重定义
                 f:\program files (x86)\vs2013\vc\atlmfc\include\afxpriv.h(475) : 参见“ZOOM_IN”的前一个定义
     1>f:\microsoft visual studio\project13\release_version\splitto\splitto\opengl\Camera.h(17): warning C4005: “ZOOM_OUT”: 宏重定义
                 f:\program files (x86)\vs2013\vc\atlmfc\include\afxpriv.h(473) : 参见“ZOOM_OUT”的前一个定义
     1>f:\microsoft visual studio\project13\release_version\splitto\splitto\HighResolutionTimer.h(46): error C2664: “MMRESULT timeSetEvent(UINT,UINT,LPTIMECALLBACK,DWORD_PTR,UINT)”: 无法将参数 3 从“void (__cdecl *)(UINT,UINT,DWORD,DWORD,DWORD)”转换为“LPTIMECALLBACK”
                 在匹配目标类型的范围内没有具有该名称的函数
     1>SplitToDoc.cpp(2034): warning C4390: “;”: 找到空的受控语句；这是否是有意的?
     1>SplitToDoc.cpp(2065): warning C4390: “;”: 找到空的受控语句；这是否是有意的?
         SplitToView.cpp
     1>f:\microsoft visual studio\project13\release_version\splitto\splitto\opengl\Camera.h(16): warning C4005: “ZOOM_IN”: 宏重定义
                 f:\program files (x86)\vs2013\vc\atlmfc\include\afxpriv.h(475) : 参见“ZOOM_IN”的前一个定义
     1>f:\microsoft visual studio\project13\release_version\splitto\splitto\opengl\Camera.h(17): warning C4005: “ZOOM_OUT”: 宏重定义
                 f:\program files (x86)\vs2013\vc\atlmfc\include\afxpriv.h(473) : 参见“ZOOM_OUT”的前一个定义
     1>f:\microsoft visual studio\project13\release_version\splitto\splitto\HighResolutionTimer.h(46): error C2664: “MMRESULT timeSetEvent(UINT,UINT,LPTIMECALLBACK,DWORD_PTR,UINT)”: 无法将参数 3 从“void (__cdecl *)(UINT,UINT,DWORD,DWORD,DWORD)”转换为“LPTIMECALLBACK”
                 在匹配目标类型的范围内没有具有该名称的函数
     1>SplitToView.cpp(227): warning C4390: “;”: 找到空的受控语句；这是否是有意的?
     1>已完成生成项目“F:\Microsoft Visual Studio\project13\Release_Version\SplitTo\SplitTo\SplitTo.vcxproj”(Build 个目标)的操作 - 失败。

生成失败。

已用时间 00:00:05.24
