f:\microsoft visual studio\project13\release_version\splitto\splitto\debug\splitto.pch
f:\microsoft visual studio\project13\release_version\splitto\splitto\debug\vc120.pdb
f:\microsoft visual studio\project13\release_version\splitto\splitto\debug\vc120.idb
f:\microsoft visual studio\project13\release_version\splitto\splitto\debug\stdafx.obj
f:\microsoft visual studio\project13\release_version\splitto\splitto\debug\glview.obj
f:\microsoft visual studio\project13\release_version\splitto\splitto\debug\opengldc.obj
f:\microsoft visual studio\project13\release_version\splitto\splitto\debug\orthgonal.obj
f:\microsoft visual studio\project13\release_version\splitto\splitto\debug\orthogonal.obj
f:\microsoft visual studio\project13\release_version\splitto\splitto\debug\outputwnd.obj
f:\microsoft visual studio\project13\release_version\splitto\splitto\debug\polygeon.obj
f:\microsoft visual studio\project13\release_version\splitto\splitto\debug\propertieswnd.obj
f:\microsoft visual studio\project13\release_version\splitto\splitto\debug\rotateprocess.obj
f:\microsoft visual studio\project13\release_version\splitto\splitto\debug\rough.obj
f:\microsoft visual studio\project13\release_version\splitto\splitto\debug\sawsetdlg.obj
f:\microsoft visual studio\project13\release_version\splitto\splitto\debug\sideprocess.obj
f:\microsoft visual studio\project13\release_version\splitto\splitto\debug\sidestone.obj
f:\microsoft visual studio\project13\release_version\splitto\splitto\debug\splitto.obj
f:\microsoft visual studio\project13\release_version\splitto\splitto\debug\splittodoc.obj
f:\microsoft visual studio\project13\release_version\splitto\splitto\debug\splittoview.obj
f:\microsoft visual studio\project13\release_version\splitto\splitto\debug\tableboarddlg.obj
f:\microsoft visual studio\project13\release_version\splitto\splitto\debug\tableboardprocess.obj
f:\microsoft visual studio\project13\release_version\splitto\splitto\debug\toolpath.obj
f:\microsoft visual studio\project13\release_version\splitto\splitto\debug\utils.obj
f:\microsoft visual studio\project13\release_version\splitto\splitto\debug\viewtree.obj
f:\microsoft visual studio\project13\release_version\splitto\splitto\debug\algorithm.obj
f:\microsoft visual studio\project13\release_version\splitto\splitto\debug\arc.obj
f:\microsoft visual studio\project13\release_version\splitto\splitto\debug\arcsurface.obj
f:\microsoft visual studio\project13\release_version\splitto\splitto\debug\circle.obj
f:\microsoft visual studio\project13\release_version\splitto\splitto\debug\classview.obj
f:\microsoft visual studio\project13\release_version\splitto\splitto\debug\fileview.obj
f:\microsoft visual studio\project13\release_version\splitto\splitto\debug\finish.obj
f:\microsoft visual studio\project13\release_version\splitto\splitto\debug\gcodegeneration.obj
f:\microsoft visual studio\project13\release_version\splitto\splitto\debug\graphic.obj
f:\microsoft visual studio\project13\release_version\splitto\splitto\debug\highresolutiontimer.obj
f:\microsoft visual studio\project13\release_version\splitto\splitto\debug\line.obj
f:\microsoft visual studio\project13\release_version\splitto\splitto\debug\lineprocess.obj
f:\microsoft visual studio\project13\release_version\splitto\splitto\debug\linestone.obj
f:\microsoft visual studio\project13\release_version\splitto\splitto\debug\machinesetdlg.obj
f:\microsoft visual studio\project13\release_version\splitto\splitto\debug\mainfrm.obj
f:\microsoft visual studio\project13\release_version\splitto\splitto\debug\myspliter.obj
f:\microsoft visual studio\project13\release_version\splitto\splitto\debug\offset.obj
f:\microsoft visual studio\project13\release_version\splitto\splitto\debug\camera.obj
f:\microsoft visual studio\project13\release_version\splitto\splitto\debug\splitto.res
f:\microsoft visual studio\project13\release_version\splitto\debug\splitto.pdb
f:\microsoft visual studio\project13\release_version\splitto\splitto\debug\splitto.tlog\cl.command.1.tlog
f:\microsoft visual studio\project13\release_version\splitto\splitto\debug\splitto.tlog\cl.read.1.tlog
f:\microsoft visual studio\project13\release_version\splitto\splitto\debug\splitto.tlog\cl.write.1.tlog
f:\microsoft visual studio\project13\release_version\splitto\splitto\debug\splitto.tlog\link-cvtres.read.1.tlog
f:\microsoft visual studio\project13\release_version\splitto\splitto\debug\splitto.tlog\link-cvtres.write.1.tlog
f:\microsoft visual studio\project13\release_version\splitto\splitto\debug\splitto.tlog\link-mt.read.1.tlog
f:\microsoft visual studio\project13\release_version\splitto\splitto\debug\splitto.tlog\link-mt.write.1.tlog
f:\microsoft visual studio\project13\release_version\splitto\splitto\debug\splitto.tlog\link-rc.read.1.tlog
f:\microsoft visual studio\project13\release_version\splitto\splitto\debug\splitto.tlog\link-rc.write.1.tlog
f:\microsoft visual studio\project13\release_version\splitto\splitto\debug\splitto.tlog\link.7836-cvtres.read.1.tlog
f:\microsoft visual studio\project13\release_version\splitto\splitto\debug\splitto.tlog\link.7836-cvtres.write.1.tlog
f:\microsoft visual studio\project13\release_version\splitto\splitto\debug\splitto.tlog\link.7836-mt.read.1.tlog
f:\microsoft visual studio\project13\release_version\splitto\splitto\debug\splitto.tlog\link.7836-mt.write.1.tlog
f:\microsoft visual studio\project13\release_version\splitto\splitto\debug\splitto.tlog\link.7836-rc.read.1.tlog
f:\microsoft visual studio\project13\release_version\splitto\splitto\debug\splitto.tlog\link.7836-rc.write.1.tlog
f:\microsoft visual studio\project13\release_version\splitto\splitto\debug\splitto.tlog\link.7836.read.1.tlog
f:\microsoft visual studio\project13\release_version\splitto\splitto\debug\splitto.tlog\link.7836.write.1.tlog
f:\microsoft visual studio\project13\release_version\splitto\splitto\debug\splitto.tlog\link.command.1.tlog
f:\microsoft visual studio\project13\release_version\splitto\splitto\debug\splitto.tlog\link.read.1.tlog
f:\microsoft visual studio\project13\release_version\splitto\splitto\debug\splitto.tlog\link.write.1.tlog
f:\microsoft visual studio\project13\release_version\splitto\splitto\debug\splitto.tlog\rc.command.1.tlog
f:\microsoft visual studio\project13\release_version\splitto\splitto\debug\splitto.tlog\rc.read.1.tlog
f:\microsoft visual studio\project13\release_version\splitto\splitto\debug\splitto.tlog\rc.write.1.tlog
